2025-11-07T19:29:52.842Z INFO SharedStateManager initialized
2025-11-07T19:29:52.844Z INFO Is remote: false
2025-11-07T19:29:52.845Z INFO Starting Local. Installation path: e:\git\New code extraction project for page
2025-11-07T19:29:52.846Z INFO [MainProvider] Creating new MainProvider instance...
2025-11-07T19:29:52.849Z INFO Installation path exists: e:\git\New code extraction project for page
2025-11-07T19:29:52.851Z INFO Initializing database with URL: file:e:\git\New code extraction project for page\pythagora-core\data\database\pythagora.db
2025-11-07T19:29:52.855Z INFO Database file exists, skipping prisma generate/push for faster startup
2025-11-07T19:29:52.856Z INFO Database initialized successfully
2025-11-07T19:29:52.858Z INFO [Migration] Checking for database migration...
2025-11-07T19:29:53.337Z INFO [Migration] No migration needed
2025-11-07T20:12:29.594Z INFO Closing entire Pythagora extension...
2025-11-07T20:12:29.618Z ERROR Error closing extension
Error: Canceled
Stack: Canceled: Canceled
    at new MR (file:///c:/Users/Ekta/AppData/Local/Programs/Microsoft%20VS%20Code/resources/app/out/vs/workbench/api/node/extensionHostProcess.js:29:116391)
    at U4.U (file:///c:/Users/Ekta/AppData/Local/Programs/Microsoft%20VS%20Code/resources/app/out/vs/workbench/api/node/extensionHostProcess.js:29:121001)
    at Proxy.s.<computed>.n.charCodeAt.s.<computed> (file:///c:/Users/Ekta/AppData/Local/Programs/Microsoft%20VS%20Code/resources/app/out/vs/workbench/api/node/extensionHostProcess.js:29:118495)
    at iy.g (file:///c:/Users/Ekta/AppData/Local/Programs/Microsoft%20VS%20Code/resources/app/out/vs/workbench/api/node/extensionHostProcess.js:114:41101)
    at iy.executeCommand (file:///c:/Users/Ekta/AppData/Local/Programs/Microsoft%20VS%20Code/resources/app/out/vs/workbench/api/node/extensionHostProcess.js:114:40605)
    at Object.executeCommand (file:///c:/Users/Ekta/AppData/Local/Programs/Microsoft%20VS%20Code/resources/app/out/vs/workbench/api/node/extensionHostProcess.js:201:105071)
    at closeEntirePythagoraExtension (c:\Users\Ekta\.vscode\extensions\pythagoratechnologies.pythagora-vs-code-2.5.30\out\extension.js:538:31)
    at Object.deactivate (c:\Users\Ekta\.vscode\extensions\pythagoratechnologies.pythagora-vs-code-2.5.30\out\extension.js:429:15)
    at SZ.eb (file:///c:/Users/Ekta/AppData/Local/Programs/Microsoft%20VS%20Code/resources/app/out/vs/workbench/api/node/extensionHostProcess.js:118:11797)
    at file:///c:/Users/Ekta/AppData/Local/Programs/Microsoft%20VS%20Code/resources/app/out/vs/workbench/api/node/extensionHostProcess.js:118:9947
    at Array.map (<anonymous>)
    at SZ.$ (file:///c:/Users/Ekta/AppData/Local/Programs/Microsoft%20VS%20Code/resources/app/out/vs/workbench/api/node/extensionHostProcess.js:118:9935)
    at SZ.terminate (file:///c:/Users/Ekta/AppData/Local/Programs/Microsoft%20VS%20Code/resources/app/out/vs/workbench/api/node/extensionHostProcess.js:118:10178)
    at H3.terminate (file:///c:/Users/Ekta/AppData/Local/Programs/Microsoft%20VS%20Code/resources/app/out/vs/workbench/api/node/extensionHostProcess.js:120:914)
    at Ss (file:///c:/Users/Ekta/AppData/Local/Programs/Microsoft%20VS%20Code/resources/app/out/vs/workbench/api/node/extensionHostProcess.js:393:10409)
    at MessagePortMain.<anonymous> (file:///c:/Users/Ekta/AppData/Local/Programs/Microsoft%20VS%20Code/resources/app/out/vs/workbench/api/node/extensionHostProcess.js:393:6948)
    at MessagePortMain.emit (node:events:519:28)
    at Object.MessagePortMain._internalPort.emit (node:electron/js2c/utility_init:2:2949)
    at Object.callbackTrampoline (node:internal/async_hooks:130:17)
Extra context: {
  "message": "Canceled"
}
2025-11-08T18:14:48.177Z INFO SharedStateManager initialized
2025-11-08T18:14:48.178Z INFO Is remote: false
2025-11-08T18:14:48.178Z INFO Starting Local. Installation path: e:\git\New code extraction project for page
2025-11-08T18:14:48.179Z INFO [MainProvider] Creating new MainProvider instance...
2025-11-08T18:14:48.182Z INFO Installation path exists: e:\git\New code extraction project for page
2025-11-08T18:14:48.183Z INFO Initializing database with URL: file:e:\git\New code extraction project for page\pythagora-core\data\database\pythagora.db
2025-11-08T18:14:48.188Z INFO Database file exists, skipping prisma generate/push for faster startup
2025-11-08T18:14:48.188Z INFO Database initialized successfully
2025-11-08T18:14:48.189Z INFO [Migration] Checking for database migration...
2025-11-08T18:14:48.370Z INFO [Migration] No migration needed
